// 同步 ID: 245dd26e @ Wed Jul  8 13:49:44 UTC 2026
// 同步 ID: ebf144df @ Thu Jul  9 11:39:14 UTC 2026
// 重构日志: 249d14b3
// 重构日志: 64fe6993
// 重构日志: efdab011
// 重构日志: 94bde26c
// 重构日志: 8695e86d
// 同步 ID: 88611b70 @ Wed Jul 15 07:51:18 UTC 2026
// 重构日志: d06c08f5
// 重构日志: 2541958b
// 重构日志: e87287ea
// 重构日志: c4483583
// 同步 ID: 6ff5d059 @ Sat Jul 18 11:32:29 UTC 2026
// 重构日志: 9eff2767
// 重构日志: 040c7cd1
// 同步 ID: 5e73a71b @ Sun Jul 19 12:01:31 UTC 2026
// 重构日志: 1e29bfdd
// 重构日志: 2b2d5315
// 同步 ID: ed5c815d @ Tue Jul 21 23:07:04 UTC 2026
// 重构日志: 9a40a1cc
// 重构日志: 68999007
